<?xml version="1.0" encoding="UTF-8"?>
<testsuite xmlns:xsi="http://www.w3.org/2001/XMLSchema-instance" xsi:noNamespaceSchemaLocation="https://maven.apache.org/surefire/maven-surefire-plugin/xsd/surefire-test-report-3.0.xsd" version="3.0" name="ca.umontreal.ift2255.groupe2.maville_backend.model.ResidentTest" time="0.077" tests="6" errors="0" skipped="0" failures="0">
  <properties>
[...]
</properties>
  <testcase name="testAddRequete" classname="ca.umontreal.ift2255.groupe2.maville_backend.model.ResidentTest" time="0.018"/>
  <testcase name="testDeleteSharedRequeteDoesNotAffectOthers" classname="ca.umontreal.ift2255.groupe2.maville_backend.model.ResidentTest" time="0.005"/>
  <testcase name="testDeleteRequeteById" classname="ca.umontreal.ift2255.groupe2.maville_backend.model.ResidentTest" time="0.007"/>
  <testcase name="testDeleteRequeteByObject" classname="ca.umontreal.ift2255.groupe2.maville_backend.model.ResidentTest" time="0.002"/>
  <testcase name="testUpdateRequete" classname="ca.umontreal.ift2255.groupe2.maville_backend.model.ResidentTest" time="0.004"/>
  <testcase name="testDeleteAllRequetes" classname="ca.umontreal.ift2255.groupe2.maville_backend.model.ResidentTest" time="0.005"/>
</testsuite>